#
# There is insufficient memory for the Java Runtime Environment to continue.
# Native memory allocation (malloc) failed to allocate 32744 bytes for ChunkPool::allocate
# Possible reasons:
#   The system is out of physical RAM or swap space
#   The process is running with CompressedOops enabled, and the Java Heap may be blocking the growth of the native heap
# Possible solutions:
#   Reduce memory load on the system
#   Increase physical memory or swap space
#   Check if swap backing store is full
#   Decrease Java heap size (-Xmx/-Xms)
#   Decrease number of Java threads
#   Decrease Java thread stack sizes (-Xss)
#   Set larger code cache with -XX:ReservedCodeCacheSize=
#   JVM is running with Unscaled Compressed Oops mode in which the Java heap is
#     placed in the first 4GB address space. The Java Heap base address is the
#     maximum limit for the native heap growth. Please use -XX:HeapBaseMinAddress
#     to set the Java Heap base and to place the Java Heap above 4GB virtual address.
# This output file may be truncated or incomplete.
#
#  Out of Memory Error (./src/hotspot/share/memory/arena.cpp:81), pid=9924, tid=10832
#
# JRE version: OpenJDK Runtime Environment Temurin-11.0.14.1+1 (11.0.14.1+1) (build 11.0.14.1+1)
# Java VM: OpenJDK 64-Bit Server VM Temurin-11.0.14.1+1 (11.0.14.1+1, mixed mode, tiered, compressed oops, g1 gc, windows-amd64)
# No core dump will be written. Minidumps are not enabled by default on client versions of Windows
#

---------------  S U M M A R Y ------------

Command Line: -Dhttps.protocols=TLSv1,TLSv1.1,TLSv1.2 bluej.Boot C:\Kavya\IntroJava\CreatureAITester (2)\project.greenfoot -greenfoot=true -bluej.compiler.showunchecked=false

Host: AMD Ryzen 5 3550H with Radeon Vega Mobile Gfx  , 8 cores, 5G,  Windows 11 , 64 bit Build 22000 (10.0.22000.1516)
Time: Tue Apr  4 18:45:26 2023 Pacific Daylight Time elapsed time: 1.746020 seconds (0d 0h 0m 1s)

---------------  T H R E A D  ---------------

Current thread (0x0000029a62cd9800):  JavaThread "C2 CompilerThread0" daemon [_thread_in_native, id=10832, stack(0x000000ab42c00000,0x000000ab42d00000)]


Current CompileTask:
C2:   1746 1092   !   4       com.sun.javafx.css.ParsedValueImpl::readBinary (688 bytes)

Stack: [0x000000ab42c00000,0x000000ab42d00000]
Native frames: (J=compiled Java code, j=interpreted, Vv=VM code, C=native code)
V  [jvm.dll+0x61e59a]
V  [jvm.dll+0x7aaca9]
V  [jvm.dll+0x7ac398]
V  [jvm.dll+0x7aca73]
V  [jvm.dll+0x24f9b8]
V  [jvm.dll+0xc286b]
V  [jvm.dll+0xc2bcc]
V  [jvm.dll+0x35e77d]
V  [jvm.dll+0x512f36]
V  [jvm.dll+0x325bc2]
V  [jvm.dll+0x324eca]
V  [jvm.dll+0x208c05]
V  [jvm.dll+0x207ded]
V  [jvm.dll+0x18a2c1]
V  [jvm.dll+0x217734]
V  [jvm.dll+0x21597b]
V  [jvm.dll+0x76d7c0]
V  [jvm.dll+0x766724]
V  [jvm.dll+0x61d3f6]
C  [ucrtbase.dll+0x26c0c]
C  [KERNEL32.DLL+0x155a0]
C  [ntdll.dll+0x485b]


---------------  P R O C E S S  ---------------

Threads class SMR info:
_java_thread_list=0x0000029a6543f690, length=16, elements={
0x0000029a42c3b800, 0x0000029a62c8c800, 0x0000029a62c8d800, 0x0000029a62cd1000,
0x0000029a62cd2000, 0x0000029a62cd5000, 0x0000029a62cd9800, 0x0000029a62cda800,
0x0000029a62cea800, 0x0000029a637be000, 0x0000029a63853000, 0x0000029a63b4d000,
0x0000029a63f55800, 0x0000029a63f56800, 0x0000029a65586000, 0x0000029a65598800
}

Java Threads: ( => current thread )
  0x0000029a42c3b800 JavaThread "main" [_thread_blocked, id=29492, stack(0x000000ab42000000,0x000000ab42100000)]
  0x0000029a62c8c800 JavaThread "Reference Handler" daemon [_thread_blocked, id=25920, stack(0x000000ab42700000,0x000000ab42800000)]
  0x0000029a62c8d800 JavaThread "Finalizer" daemon [_thread_blocked, id=16748, stack(0x000000ab42800000,0x000000ab42900000)]
  0x0000029a62cd1000 JavaThread "Signal Dispatcher" daemon [_thread_blocked, id=6320, stack(0x000000ab42900000,0x000000ab42a00000)]
  0x0000029a62cd2000 JavaThread "Attach Listener" daemon [_thread_blocked, id=27708, stack(0x000000ab42a00000,0x000000ab42b00000)]
  0x0000029a62cd5000 JavaThread "Service Thread" daemon [_thread_blocked, id=15280, stack(0x000000ab42b00000,0x000000ab42c00000)]
=>0x0000029a62cd9800 JavaThread "C2 CompilerThread0" daemon [_thread_in_native, id=10832, stack(0x000000ab42c00000,0x000000ab42d00000)]
  0x0000029a62cda800 JavaThread "C1 CompilerThread0" daemon [_thread_blocked, id=11836, stack(0x000000ab42d00000,0x000000ab42e00000)]
  0x0000029a62cea800 JavaThread "Sweeper thread" daemon [_thread_blocked, id=23208, stack(0x000000ab42e00000,0x000000ab42f00000)]
  0x0000029a637be000 JavaThread "Common-Cleaner" daemon [_thread_blocked, id=9144, stack(0x000000ab43000000,0x000000ab43100000)]
  0x0000029a63853000 JavaThread "JavaFX-Launcher" [_thread_blocked, id=14912, stack(0x000000ab43100000,0x000000ab43200000)]
  0x0000029a63b4d000 JavaThread "QuantumRenderer-0" daemon [_thread_blocked, id=4056, stack(0x000000ab43200000,0x000000ab43300000)]
  0x0000029a63f55800 JavaThread "InvokeLaterDispatcher" daemon [_thread_blocked, id=24656, stack(0x000000ab43400000,0x000000ab43500000)]
  0x0000029a63f56800 JavaThread "JavaFX Application Thread" [_thread_in_native, id=11672, stack(0x000000ab43500000,0x000000ab43600000)]
  0x0000029a65586000 JavaThread "Thread-2" daemon [_thread_in_native, id=23940, stack(0x000000ab43700000,0x000000ab43800000)]
  0x0000029a65598800 JavaThread "subMain thread" [_thread_blocked, id=23888, stack(0x000000ab43800000,0x000000ab43900000)]

Other Threads:
  0x0000029a62c8b800 VMThread "VM Thread" [stack: 0x000000ab42600000,0x000000ab42700000] [id=21688]
  0x0000029a637b0000 WatcherThread [stack: 0x000000ab42f00000,0x000000ab43000000] [id=9888]
  0x0000029a42c53000 GCTaskThread "GC Thread#0" [stack: 0x000000ab42100000,0x000000ab42200000] [id=7100]
  0x0000029a65480800 GCTaskThread "GC Thread#1" [stack: 0x000000ab43900000,0x000000ab43a00000] [id=23416]
  0x0000029a65481800 GCTaskThread "GC Thread#2" [stack: 0x000000ab43a00000,0x000000ab43b00000] [id=20536]
  0x0000029a65cc8800 GCTaskThread "GC Thread#3" [stack: 0x000000ab43b00000,0x000000ab43c00000] [id=19088]
  0x0000029a65cc9800 GCTaskThread "GC Thread#4" [stack: 0x000000ab43c00000,0x000000ab43d00000] [id=22440]
  0x0000029a65695800 GCTaskThread "GC Thread#5" [stack: 0x000000ab43d00000,0x000000ab43e00000] [id=16028]
  0x0000029a65696000 GCTaskThread "GC Thread#6" [stack: 0x000000ab43e00000,0x000000ab43f00000] [id=25184]
  0x0000029a65696800 GCTaskThread "GC Thread#7" [stack: 0x000000ab43f00000,0x000000ab44000000] [id=19920]
  0x0000029a42c7b800 ConcurrentGCThread "G1 Main Marker" [stack: 0x000000ab42200000,0x000000ab42300000] [id=14340]
  0x0000029a42c80000 ConcurrentGCThread "G1 Conc#0" [stack: 0x000000ab42300000,0x000000ab42400000] [id=29220]
  0x0000029a42d04800 ConcurrentGCThread "G1 Refine#0" [stack: 0x000000ab42400000,0x000000ab42500000] [id=22712]
  0x0000029a42d07800 ConcurrentGCThread "G1 Young RemSet Sampling" [stack: 0x000000ab42500000,0x000000ab42600000] [id=24740]

Threads with active compile tasks:
C2 CompilerThread0   1845 1092   !   4       com.sun.javafx.css.ParsedValueImpl::readBinary (688 bytes)

VM state:not at safepoint (normal execution)

VM Mutex/Monitor currently owned by a thread: None

Heap address: 0x00000000a1e00000, size: 1506 MB, Compressed Oops mode: 32-bit
Narrow klass base: 0x0000000000000000, Narrow klass shift: 3
Compressed class space size: 1073741824 Address: 0x0000000100000000

Heap:
 garbage-first heap   total 98304K, used 8486K [0x00000000a1e00000, 0x0000000100000000)
  region size 1024K, 7 young (7168K), 3 survivors (3072K)
 Metaspace       used 15388K, capacity 15807K, committed 16128K, reserved 1064960K
  class space    used 1755K, capacity 1924K, committed 2048K, reserved 1048576K
Heap Regions: E=young(eden), S=young(survivor), O=old, HS=humongous(starts), HC=humongous(continues), CS=collection set, F=free, A=archive, TAMS=top-at-mark-start (previous, next)
|   0|0x00000000a1e00000, 0x00000000a1f00000, 0x00000000a1f00000|100%|HS|  |TAMS 0x00000000a1e00000, 0x00000000a1e00000| Complete 
|   1|0x00000000a1f00000, 0x00000000a2000000, 0x00000000a2000000|100%| O|  |TAMS 0x00000000a1f00000, 0x00000000a1f00000| Untracked 
|   2|0x00000000a2000000, 0x00000000a2049a00, 0x00000000a2100000| 28%| O|  |TAMS 0x00000000a2000000, 0x00000000a2000000| Untracked 
|   3|0x00000000a2100000, 0x00000000a2100000, 0x00000000a2200000|  0%| F|  |TAMS 0x00000000a2100000, 0x00000000a2100000| Untracked 
|   4|0x00000000a2200000, 0x00000000a2200000, 0x00000000a2300000|  0%| F|  |TAMS 0x00000000a2200000, 0x00000000a2200000| Untracked 
|   5|0x00000000a2300000, 0x00000000a2300000, 0x00000000a2400000|  0%| F|  |TAMS 0x00000000a2300000, 0x00000000a2300000| Untracked 
|   6|0x00000000a2400000, 0x00000000a2400000, 0x00000000a2500000|  0%| F|  |TAMS 0x00000000a2400000, 0x00000000a2400000| Untracked 
|   7|0x00000000a2500000, 0x00000000a2500000, 0x00000000a2600000|  0%| F|  |TAMS 0x00000000a2500000, 0x00000000a2500000| Untracked 
|   8|0x00000000a2600000, 0x00000000a2600000, 0x00000000a2700000|  0%| F|  |TAMS 0x00000000a2600000, 0x00000000a2600000| Untracked 
|   9|0x00000000a2700000, 0x00000000a2700000, 0x00000000a2800000|  0%| F|  |TAMS 0x00000000a2700000, 0x00000000a2700000| Untracked 
|  10|0x00000000a2800000, 0x00000000a2800000, 0x00000000a2900000|  0%| F|  |TAMS 0x00000000a2800000, 0x00000000a2800000| Untracked 
|  11|0x00000000a2900000, 0x00000000a2900000, 0x00000000a2a00000|  0%| F|  |TAMS 0x00000000a2900000, 0x00000000a2900000| Untracked 
|  12|0x00000000a2a00000, 0x00000000a2a00000, 0x00000000a2b00000|  0%| F|  |TAMS 0x00000000a2a00000, 0x00000000a2a00000| Untracked 
|  13|0x00000000a2b00000, 0x00000000a2b00000, 0x00000000a2c00000|  0%| F|  |TAMS 0x00000000a2b00000, 0x00000000a2b00000| Untracked 
|  14|0x00000000a2c00000, 0x00000000a2c00000, 0x00000000a2d00000|  0%| F|  |TAMS 0x00000000a2c00000, 0x00000000a2c00000| Untracked 
|  15|0x00000000a2d00000, 0x00000000a2d00000, 0x00000000a2e00000|  0%| F|  |TAMS 0x00000000a2d00000, 0x00000000a2d00000| Untracked 
|  16|0x00000000a2e00000, 0x00000000a2e00000, 0x00000000a2f00000|  0%| F|  |TAMS 0x00000000a2e00000, 0x00000000a2e00000| Untracked 
|  17|0x00000000a2f00000, 0x00000000a2f00000, 0x00000000a3000000|  0%| F|  |TAMS 0x00000000a2f00000, 0x00000000a2f00000| Untracked 
|  18|0x00000000a3000000, 0x00000000a3000000, 0x00000000a3100000|  0%| F|  |TAMS 0x00000000a3000000, 0x00000000a3000000| Untracked 
|  19|0x00000000a3100000, 0x00000000a3100000, 0x00000000a3200000|  0%| F|  |TAMS 0x00000000a3100000, 0x00000000a3100000| Untracked 
|  20|0x00000000a3200000, 0x00000000a3200000, 0x00000000a3300000|  0%| F|  |TAMS 0x00000000a3200000, 0x00000000a3200000| Untracked 
|  21|0x00000000a3300000, 0x00000000a3300000, 0x00000000a3400000|  0%| F|  |TAMS 0x00000000a3300000, 0x00000000a3300000| Untracked 
|  22|0x00000000a3400000, 0x00000000a3400000, 0x00000000a3500000|  0%| F|  |TAMS 0x00000000a3400000, 0x00000000a3400000| Untracked 
|  23|0x00000000a3500000, 0x00000000a3500000, 0x00000000a3600000|  0%| F|  |TAMS 0x00000000a3500000, 0x00000000a3500000| Untracked 
|  24|0x00000000a3600000, 0x00000000a3600000, 0x00000000a3700000|  0%| F|  |TAMS 0x00000000a3600000, 0x00000000a3600000| Untracked 
|  25|0x00000000a3700000, 0x00000000a3700000, 0x00000000a3800000|  0%| F|  |TAMS 0x00000000a3700000, 0x00000000a3700000| Untracked 
|  26|0x00000000a3800000, 0x00000000a3800000, 0x00000000a3900000|  0%| F|  |TAMS 0x00000000a3800000, 0x00000000a3800000| Untracked 
|  27|0x00000000a3900000, 0x00000000a3900000, 0x00000000a3a00000|  0%| F|  |TAMS 0x00000000a3900000, 0x00000000a3900000| Untracked 
|  28|0x00000000a3a00000, 0x00000000a3a00000, 0x00000000a3b00000|  0%| F|  |TAMS 0x00000000a3a00000, 0x00000000a3a00000| Untracked 
|  29|0x00000000a3b00000, 0x00000000a3b00000, 0x00000000a3c00000|  0%| F|  |TAMS 0x00000000a3b00000, 0x00000000a3b00000| Untracked 
|  30|0x00000000a3c00000, 0x00000000a3c00000, 0x00000000a3d00000|  0%| F|  |TAMS 0x00000000a3c00000, 0x00000000a3c00000| Untracked 
|  31|0x00000000a3d00000, 0x00000000a3d00000, 0x00000000a3e00000|  0%| F|  |TAMS 0x00000000a3d00000, 0x00000000a3d00000| Untracked 
|  32|0x00000000a3e00000, 0x00000000a3e00000, 0x00000000a3f00000|  0%| F|  |TAMS 0x00000000a3e00000, 0x00000000a3e00000| Untracked 
|  33|0x00000000a3f00000, 0x00000000a3f00000, 0x00000000a4000000|  0%| F|  |TAMS 0x00000000a3f00000, 0x00000000a3f00000| Untracked 
|  34|0x00000000a4000000, 0x00000000a4000000, 0x00000000a4100000|  0%| F|  |TAMS 0x00000000a4000000, 0x00000000a4000000| Untracked 
|  35|0x00000000a4100000, 0x00000000a4100000, 0x00000000a4200000|  0%| F|  |TAMS 0x00000000a4100000, 0x00000000a4100000| Untracked 
|  36|0x00000000a4200000, 0x00000000a4200000, 0x00000000a4300000|  0%| F|  |TAMS 0x00000000a4200000, 0x00000000a4200000| Untracked 
|  37|0x00000000a4300000, 0x00000000a4300000, 0x00000000a4400000|  0%| F|  |TAMS 0x00000000a4300000, 0x00000000a4300000| Untracked 
|  38|0x00000000a4400000, 0x00000000a4400000, 0x00000000a4500000|  0%| F|  |TAMS 0x00000000a4400000, 0x00000000a4400000| Untracked 
|  39|0x00000000a4500000, 0x00000000a4500000, 0x00000000a4600000|  0%| F|  |TAMS 0x00000000a4500000, 0x00000000a4500000| Untracked 
|  40|0x00000000a4600000, 0x00000000a4600000, 0x00000000a4700000|  0%| F|  |TAMS 0x00000000a4600000, 0x00000000a4600000| Untracked 
|  41|0x00000000a4700000, 0x00000000a4700000, 0x00000000a4800000|  0%| F|  |TAMS 0x00000000a4700000, 0x00000000a4700000| Untracked 
|  42|0x00000000a4800000, 0x00000000a4800000, 0x00000000a4900000|  0%| F|  |TAMS 0x00000000a4800000, 0x00000000a4800000| Untracked 
|  43|0x00000000a4900000, 0x00000000a4900000, 0x00000000a4a00000|  0%| F|  |TAMS 0x00000000a4900000, 0x00000000a4900000| Untracked 
|  44|0x00000000a4a00000, 0x00000000a4a00000, 0x00000000a4b00000|  0%| F|  |TAMS 0x00000000a4a00000, 0x00000000a4a00000| Untracked 
|  45|0x00000000a4b00000, 0x00000000a4b00000, 0x00000000a4c00000|  0%| F|  |TAMS 0x00000000a4b00000, 0x00000000a4b00000| Untracked 
|  46|0x00000000a4c00000, 0x00000000a4c00000, 0x00000000a4d00000|  0%| F|  |TAMS 0x00000000a4c00000, 0x00000000a4c00000| Untracked 
|  47|0x00000000a4d00000, 0x00000000a4d00000, 0x00000000a4e00000|  0%| F|  |TAMS 0x00000000a4d00000, 0x00000000a4d00000| Untracked 
|  48|0x00000000a4e00000, 0x00000000a4e00000, 0x00000000a4f00000|  0%| F|  |TAMS 0x00000000a4e00000, 0x00000000a4e00000| Untracked 
|  49|0x00000000a4f00000, 0x00000000a4f00000, 0x00000000a5000000|  0%| F|  |TAMS 0x00000000a4f00000, 0x00000000a4f00000| Untracked 
|  50|0x00000000a5000000, 0x00000000a5000000, 0x00000000a5100000|  0%| F|  |TAMS 0x00000000a5000000, 0x00000000a5000000| Untracked 
|  51|0x00000000a5100000, 0x00000000a5100000, 0x00000000a5200000|  0%| F|  |TAMS 0x00000000a5100000, 0x00000000a5100000| Untracked 
|  52|0x00000000a5200000, 0x00000000a5200000, 0x00000000a5300000|  0%| F|  |TAMS 0x00000000a5200000, 0x00000000a5200000| Untracked 
|  53|0x00000000a5300000, 0x00000000a5300000, 0x00000000a5400000|  0%| F|  |TAMS 0x00000000a5300000, 0x00000000a5300000| Untracked 
|  54|0x00000000a5400000, 0x00000000a5400000, 0x00000000a5500000|  0%| F|  |TAMS 0x00000000a5400000, 0x00000000a5400000| Untracked 
|  55|0x00000000a5500000, 0x00000000a5500000, 0x00000000a5600000|  0%| F|  |TAMS 0x00000000a5500000, 0x00000000a5500000| Untracked 
|  56|0x00000000a5600000, 0x00000000a5600000, 0x00000000a5700000|  0%| F|  |TAMS 0x00000000a5600000, 0x00000000a5600000| Untracked 
|  57|0x00000000a5700000, 0x00000000a5700000, 0x00000000a5800000|  0%| F|  |TAMS 0x00000000a5700000, 0x00000000a5700000| Untracked 
|  58|0x00000000a5800000, 0x00000000a5800000, 0x00000000a5900000|  0%| F|  |TAMS 0x00000000a5800000, 0x00000000a5800000| Untracked 
|  59|0x00000000a5900000, 0x00000000a5900000, 0x00000000a5a00000|  0%| F|  |TAMS 0x00000000a5900000, 0x00000000a5900000| Untracked 
|  60|0x00000000a5a00000, 0x00000000a5a00000, 0x00000000a5b00000|  0%| F|  |TAMS 0x00000000a5a00000, 0x00000000a5a00000| Untracked 
|  61|0x00000000a5b00000, 0x00000000a5b00000, 0x00000000a5c00000|  0%| F|  |TAMS 0x00000000a5b00000, 0x00000000a5b00000| Untracked 
|  62|0x00000000a5c00000, 0x00000000a5c00000, 0x00000000a5d00000|  0%| F|  |TAMS 0x00000000a5c00000, 0x00000000a5c00000| Untracked 
|  63|0x00000000a5d00000, 0x00000000a5d00000, 0x00000000a5e00000|  0%| F|  |TAMS 0x00000000a5d00000, 0x00000000a5d00000| Untracked 
|  64|0x00000000a5e00000, 0x00000000a5e00000, 0x00000000a5f00000|  0%| F|  |TAMS 0x00000000a5e00000, 0x00000000a5e00000| Untracked 
|  65|0x00000000a5f00000, 0x00000000a5f00000, 0x00000000a6000000|  0%| F|  |TAMS 0x00000000a5f00000, 0x00000000a5f00000| Untracked 
|  66|0x00000000a6000000, 0x00000000a6000000, 0x00000000a6100000|  0%| F|  |TAMS 0x00000000a6000000, 0x00000000a6000000| Untracked 
|  67|0x00000000a6100000, 0x00000000a6100000, 0x00000000a6200000|  0%| F|  |TAMS 0x00000000a6100000, 0x00000000a6100000| Untracked 
|  68|0x00000000a6200000, 0x00000000a6200000, 0x00000000a6300000|  0%| F|  |TAMS 0x00000000a6200000, 0x00000000a6200000| Untracked 
|  69|0x00000000a6300000, 0x00000000a6400000, 0x00000000a6400000|100%| S|CS|TAMS 0x00000000a6300000, 0x00000000a6300000| Complete 
|  70|0x00000000a6400000, 0x00000000a6500000, 0x00000000a6500000|100%| S|CS|TAMS 0x00000000a6400000, 0x00000000a6400000| Complete 
|  71|0x00000000a6500000, 0x00000000a6600000, 0x00000000a6600000|100%| S|CS|TAMS 0x00000000a6500000, 0x00000000a6500000| Complete 
|  72|0x00000000a6600000, 0x00000000a6600000, 0x00000000a6700000|  0%| F|  |TAMS 0x00000000a6600000, 0x00000000a6600000| Untracked 
|  73|0x00000000a6700000, 0x00000000a6700000, 0x00000000a6800000|  0%| F|  |TAMS 0x00000000a6700000, 0x00000000a6700000| Untracked 
|  74|0x00000000a6800000, 0x00000000a6800000, 0x00000000a6900000|  0%| F|  |TAMS 0x00000000a6800000, 0x00000000a6800000| Untracked 
|  75|0x00000000a6900000, 0x00000000a6900000, 0x00000000a6a00000|  0%| F|  |TAMS 0x00000000a6900000, 0x00000000a6900000| Untracked 
|  76|0x00000000a6a00000, 0x00000000a6a00000, 0x00000000a6b00000|  0%| F|  |TAMS 0x00000000a6a00000, 0x00000000a6a00000| Untracked 
|  77|0x00000000a6b00000, 0x00000000a6b00000, 0x00000000a6c00000|  0%| F|  |TAMS 0x00000000a6b00000, 0x00000000a6b00000| Untracked 
|  78|0x00000000a6c00000, 0x00000000a6c00000, 0x00000000a6d00000|  0%| F|  |TAMS 0x00000000a6c00000, 0x00000000a6c00000| Untracked 
|  79|0x00000000a6d00000, 0x00000000a6d00000, 0x00000000a6e00000|  0%| F|  |TAMS 0x00000000a6d00000, 0x00000000a6d00000| Untracked 
|  80|0x00000000a6e00000, 0x00000000a6e00000, 0x00000000a6f00000|  0%| F|  |TAMS 0x00000000a6e00000, 0x00000000a6e00000| Untracked 
|  81|0x00000000a6f00000, 0x00000000a6f00000, 0x00000000a7000000|  0%| F|  |TAMS 0x00000000a6f00000, 0x00000000a6f00000| Untracked 
|  82|0x00000000a7000000, 0x00000000a7000000, 0x00000000a7100000|  0%| F|  |TAMS 0x00000000a7000000, 0x00000000a7000000| Untracked 
|  83|0x00000000a7100000, 0x00000000a7100000, 0x00000000a7200000|  0%| F|  |TAMS 0x00000000a7100000, 0x00000000a7100000| Untracked 
|  84|0x00000000a7200000, 0x00000000a7200000, 0x00000000a7300000|  0%| F|  |TAMS 0x00000000a7200000, 0x00000000a7200000| Untracked 
|  85|0x00000000a7300000, 0x00000000a7300000, 0x00000000a7400000|  0%| F|  |TAMS 0x00000000a7300000, 0x00000000a7300000| Untracked 
|  86|0x00000000a7400000, 0x00000000a7400000, 0x00000000a7500000|  0%| F|  |TAMS 0x00000000a7400000, 0x00000000a7400000| Untracked 
|  87|0x00000000a7500000, 0x00000000a7500000, 0x00000000a7600000|  0%| F|  |TAMS 0x00000000a7500000, 0x00000000a7500000| Untracked 
|  88|0x00000000a7600000, 0x00000000a7600000, 0x00000000a7700000|  0%| F|  |TAMS 0x00000000a7600000, 0x00000000a7600000| Untracked 
|  89|0x00000000a7700000, 0x00000000a7700000, 0x00000000a7800000|  0%| F|  |TAMS 0x00000000a7700000, 0x00000000a7700000| Untracked 
|  90|0x00000000a7800000, 0x00000000a7800000, 0x00000000a7900000|  0%| F|  |TAMS 0x00000000a7800000, 0x00000000a7800000| Untracked 
|  91|0x00000000a7900000, 0x00000000a7900000, 0x00000000a7a00000|  0%| F|  |TAMS 0x00000000a7900000, 0x00000000a7900000| Untracked 
|  92|0x00000000a7a00000, 0x00000000a7a80800, 0x00000000a7b00000| 50%| E|  |TAMS 0x00000000a7a00000, 0x00000000a7a00000| Complete 
|  93|0x00000000a7b00000, 0x00000000a7c00000, 0x00000000a7c00000|100%| E|CS|TAMS 0x00000000a7b00000, 0x00000000a7b00000| Complete 
|  94|0x00000000a7c00000, 0x00000000a7d00000, 0x00000000a7d00000|100%| E|CS|TAMS 0x00000000a7c00000, 0x00000000a7c00000| Complete 
|  95|0x00000000a7d00000, 0x00000000a7e00000, 0x00000000a7e00000|100%| E|CS|TAMS 0x00000000a7d00000, 0x00000000a7d00000| Complete 

Card table byte_map: [0x0000029a5cce0000,0x0000029a5cfe0000] _byte_map_base: 0x0000029a5c7d1000

Marking Bits (Prev, Next): (CMBitMap*) 0x0000029a42c74fe8, (CMBitMap*) 0x0000029a42c75020
 Prev Bits: [0x0000029a5d2e0000, 0x0000029a5ea68000)
 Next Bits: [0x0000029a5ea70000, 0x0000029a601f8000)

Polling page: 0x0000029a427d0000

Metaspace:

Usage:
  Non-class:     13.56 MB capacity,    13.31 MB ( 98%) used,   209.52 KB (  2%) free+waste,    39.88 KB ( <1%) overhead. 
      Class:      1.88 MB capacity,     1.71 MB ( 91%) used,   148.52 KB (  8%) free+waste,    20.25 KB (  1%) overhead. 
       Both:     15.44 MB capacity,    15.03 MB ( 97%) used,   358.03 KB (  2%) free+waste,    60.13 KB ( <1%) overhead. 

Virtual space:
  Non-class space:       16.00 MB reserved,      13.75 MB ( 86%) committed 
      Class space:        1.00 GB reserved,       2.00 MB ( <1%) committed 
             Both:        1.02 GB reserved,      15.75 MB (  2%) committed 

Chunk freelists:
   Non-Class:  5.00 KB
       Class:  0 bytes
        Both:  5.00 KB

MaxMetaspaceSize: 17179869184.00 GB
CompressedClassSpaceSize: 1.00 GB
Initial GC threshold: 20.80 MB
Current GC threshold: 20.80 MB
CDS: off

CodeHeap 'non-profiled nmethods': size=120000Kb used=392Kb max_used=392Kb free=119607Kb
 bounds [0x0000029a54a30000, 0x0000029a54ca0000, 0x0000029a5bf60000]
CodeHeap 'profiled nmethods': size=120000Kb used=2191Kb max_used=2191Kb free=117808Kb
 bounds [0x0000029a4d500000, 0x0000029a4d770000, 0x0000029a54a30000]
CodeHeap 'non-nmethods': size=5760Kb used=1326Kb max_used=1326Kb free=4433Kb
 bounds [0x0000029a4cf60000, 0x0000029a4d1d0000, 0x0000029a4d500000]
 total_blobs=1791 nmethods=1154 adapters=550
 compilation: enabled
              stopped_count=0, restarted_count=0
 full_count=0

Compilation events (20 events):
Event: 1.638 Thread 0x0000029a62cda800 1147       3       java.lang.String::<init> (10 bytes)
Event: 1.639 Thread 0x0000029a62cda800 nmethod 1147 0x0000029a4d71d610 code [0x0000029a4d71d7c0, 0x0000029a4d71d908]
Event: 1.639 Thread 0x0000029a62cda800 1148  s    3       jdk.internal.jimage.BasicImageReader::findLocation (115 bytes)
Event: 1.640 Thread 0x0000029a62cda800 nmethod 1148 0x0000029a4d71da10 code [0x0000029a4d71dd40, 0x0000029a4d71eeb8]
Event: 1.640 Thread 0x0000029a62cda800 1149       3       jdk.internal.jimage.ImageStringsReader::get (9 bytes)
Event: 1.641 Thread 0x0000029a62cda800 nmethod 1149 0x0000029a4d71f490 code [0x0000029a4d71f640, 0x0000029a4d71f7e8]
Event: 1.641 Thread 0x0000029a62cda800 1150       3       jdk.internal.jimage.BasicImageReader::getString (48 bytes)
Event: 1.641 Thread 0x0000029a62cda800 nmethod 1150 0x0000029a4d71f890 code [0x0000029a4d71fb00, 0x0000029a4d720518]
Event: 1.641 Thread 0x0000029a62cda800 1151       3       jdk.internal.jimage.ImageStringsReader::stringFromByteBuffer (28 bytes)
Event: 1.641 Thread 0x0000029a62cda800 nmethod 1151 0x0000029a4d720890 code [0x0000029a4d720a80, 0x0000029a4d720e58]
Event: 1.641 Thread 0x0000029a62cda800 1152       3       java.nio.MappedByteBuffer::rewind (5 bytes)
Event: 1.641 Thread 0x0000029a62cda800 nmethod 1152 0x0000029a4d721010 code [0x0000029a4d7211e0, 0x0000029a4d721418]
Event: 1.641 Thread 0x0000029a62cda800 1153       3       java.nio.MappedByteBuffer::rewind (7 bytes)
Event: 1.642 Thread 0x0000029a62cda800 nmethod 1153 0x0000029a4d721510 code [0x0000029a4d7216c0, 0x0000029a4d721898]
Event: 1.642 Thread 0x0000029a62cda800 1154       1       java.lang.invoke.MethodHandleNatives::isPullModeBSM (2 bytes)
Event: 1.642 Thread 0x0000029a62cda800 nmethod 1154 0x0000029a54a91a90 code [0x0000029a54a91c40, 0x0000029a54a91cd8]
Event: 1.703 Thread 0x0000029a62cda800 1156       3       java.lang.invoke.InnerClassLambdaMetafactory::getOpcodeOffset (38 bytes)
Event: 1.703 Thread 0x0000029a62cda800 nmethod 1156 0x0000029a4d721990 code [0x0000029a4d721b60, 0x0000029a4d721dd8]
Event: 1.712 Thread 0x0000029a62cda800 1157       3       java.util.ImmutableCollections$Set12::contains (28 bytes)
Event: 1.712 Thread 0x0000029a62cda800 nmethod 1157 0x0000029a4d721e90 code [0x0000029a4d722060, 0x0000029a4d722398]

GC Heap History (2 events):
Event: 1.574 GC heap before
{Heap before GC invocations=0 (full 0):
 garbage-first heap   total 98304K, used 24576K [0x00000000a1e00000, 0x0000000100000000)
  region size 1024K, 24 young (24576K), 0 survivors (0K)
 Metaspace       used 14324K, capacity 14724K, committed 14848K, reserved 1062912K
  class space    used 1591K, capacity 1775K, committed 1792K, reserved 1048576K
}
Event: 1.581 GC heap after
{Heap after GC invocations=1 (full 0):
 garbage-first heap   total 98304K, used 5414K [0x00000000a1e00000, 0x0000000100000000)
  region size 1024K, 3 young (3072K), 3 survivors (3072K)
 Metaspace       used 14324K, capacity 14724K, committed 14848K, reserved 1062912K
  class space    used 1591K, capacity 1775K, committed 1792K, reserved 1048576K
}

Deoptimization events (20 events):
Event: 1.363 Thread 0x0000029a63f56800 Uncommon trap: trap_request=0xffffffde fr.pc=0x0000029a54a864f4 relative=0x0000000000000294
Event: 1.363 Thread 0x0000029a63f56800 Uncommon trap: reason=class_check action=maybe_recompile pc=0x0000029a54a864f4 method=java.io.DataInputStream.readShort()S @ 4 c2
Event: 1.363 Thread 0x0000029a63f56800 DEOPT PACKING pc=0x0000029a54a864f4 sp=0x000000ab435f9920
Event: 1.363 Thread 0x0000029a63f56800 DEOPT UNPACKING pc=0x0000029a4cfaa1af sp=0x000000ab435f98f0 mode 2
Event: 1.365 Thread 0x0000029a63f56800 Uncommon trap: trap_request=0xffffffde fr.pc=0x0000029a54a864f4 relative=0x0000000000000294
Event: 1.365 Thread 0x0000029a63f56800 Uncommon trap: reason=class_check action=maybe_recompile pc=0x0000029a54a864f4 method=java.io.DataInputStream.readShort()S @ 4 c2
Event: 1.365 Thread 0x0000029a63f56800 DEOPT PACKING pc=0x0000029a54a864f4 sp=0x000000ab435f9890
Event: 1.365 Thread 0x0000029a63f56800 DEOPT UNPACKING pc=0x0000029a4cfaa1af sp=0x000000ab435f9860 mode 2
Event: 1.383 Thread 0x0000029a63f56800 Uncommon trap: trap_request=0xffffffde fr.pc=0x0000029a54a864f4 relative=0x0000000000000294
Event: 1.383 Thread 0x0000029a63f56800 Uncommon trap: reason=class_check action=maybe_recompile pc=0x0000029a54a864f4 method=java.io.DataInputStream.readShort()S @ 4 c2
Event: 1.383 Thread 0x0000029a63f56800 DEOPT PACKING pc=0x0000029a54a864f4 sp=0x000000ab435f9890
Event: 1.383 Thread 0x0000029a63f56800 DEOPT UNPACKING pc=0x0000029a4cfaa1af sp=0x000000ab435f9860 mode 2
Event: 1.383 Thread 0x0000029a63f56800 Uncommon trap: trap_request=0xffffffde fr.pc=0x0000029a54a864f4 relative=0x0000000000000294
Event: 1.383 Thread 0x0000029a63f56800 Uncommon trap: reason=class_check action=maybe_recompile pc=0x0000029a54a864f4 method=java.io.DataInputStream.readShort()S @ 4 c2
Event: 1.383 Thread 0x0000029a63f56800 DEOPT PACKING pc=0x0000029a54a864f4 sp=0x000000ab435f9740
Event: 1.383 Thread 0x0000029a63f56800 DEOPT UNPACKING pc=0x0000029a4cfaa1af sp=0x000000ab435f9710 mode 2
Event: 1.593 Thread 0x0000029a63f56800 Uncommon trap: trap_request=0xffffff4d fr.pc=0x0000029a54a8d46c relative=0x000000000000048c
Event: 1.593 Thread 0x0000029a63f56800 Uncommon trap: reason=unstable_if action=reinterpret pc=0x0000029a54a8d46c method=java.util.HashMap.hash(Ljava/lang/Object;)I @ 1 c2
Event: 1.593 Thread 0x0000029a63f56800 DEOPT PACKING pc=0x0000029a54a8d46c sp=0x000000ab435fbb20
Event: 1.593 Thread 0x0000029a63f56800 DEOPT UNPACKING pc=0x0000029a4cfaa1af sp=0x000000ab435fba68 mode 2

Classes redefined (0 events):
No events

Internal exceptions (20 events):
Event: 0.532 Thread 0x0000029a63853000 Exception <a 'java/lang/NoSuchMethodError'{0x00000000a78ea708}: 'java.lang.Object java.lang.invoke.DirectMethodHandle$Holder.invokeStatic(java.lang.Object, java.lang.Object, java.lang.Object, java.lang.Object, java.lang.Object, java.lang.Object, java.lang.Object, java.lang.Object, java.lang.Object, java.lang.Object, java.lang.Object, int, int, java.lang.Object, java.lang.Object)'> (0x00000000a78ea708) thrown at [./src/hotspot/share/interpreter/linkResolver.cpp, line 773]
Event: 0.757 Thread 0x0000029a63853000 Exception <a 'java/lang/NoSuchMethodError'{0x00000000a7654698}: 'int java.lang.invoke.DirectMethodHandle$Holder.invokeStaticInit(java.lang.Object, java.lang.Object, java.lang.Object)'> (0x00000000a7654698) thrown at [./src/hotspot/share/interpreter/linkResolver.cpp, line 773]
Event: 0.761 Thread 0x0000029a63853000 Exception <a 'java/lang/NoSuchMethodError'{0x00000000a765feb0}: 'void java.lang.invoke.DirectMethodHandle$Holder.invokeSpecial(java.lang.Object, java.lang.Object)'> (0x00000000a765feb0) thrown at [./src/hotspot/share/interpreter/linkResolver.cpp, line 773]
Event: 0.787 Thread 0x0000029a63853000 Exception <a 'java/lang/NoSuchMethodError'{0x00000000a75f4d40}: 'java.lang.Object java.lang.invoke.DirectMethodHandle$Holder.invokeStatic(java.lang.Object, java.lang.Object, int, java.lang.Object)'> (0x00000000a75f4d40) thrown at [./src/hotspot/share/interpreter/linkResolver.cpp, line 773]
Event: 0.788 Thread 0x0000029a63853000 Exception <a 'java/lang/NoSuchMethodError'{0x00000000a7403ae8}: 'java.lang.Object java.lang.invoke.Invokers$Holder.linkToTargetMethod(java.lang.Object, int, java.lang.Object, java.lang.Object)'> (0x00000000a7403ae8) thrown at [./src/hotspot/share/interpreter/linkResolver.cpp, line 773]
Event: 0.987 Thread 0x0000029a63f56800 Exception <a 'java/lang/NoSuchMethodError'{0x00000000a74ec198}: 'void java.lang.invoke.DirectMethodHandle$Holder.invokeStaticInit(java.lang.Object)'> (0x00000000a74ec198) thrown at [./src/hotspot/share/interpreter/linkResolver.cpp, line 773]
Event: 1.051 Thread 0x0000029a65598800 Exception <a 'java/lang/NoSuchMethodError'{0x00000000a7189fc0}: 'void java.lang.invoke.DirectMethodHandle$Holder.invokeSpecial(java.lang.Object, java.lang.Object, java.lang.Object, java.lang.Object)'> (0x00000000a7189fc0) thrown at [./src/hotspot/share/interpreter/linkResolver.cpp, line 773]
Event: 1.172 Thread 0x0000029a63f56800 Exception <a 'java/lang/NoSuchMethodError'{0x00000000a6ff0e08}: 'java.lang.Object java.lang.invoke.DirectMethodHandle$Holder.invokeStaticInit(java.lang.Object, java.lang.Object, java.lang.Object, java.lang.Object)'> (0x00000000a6ff0e08) thrown at [./src/hotspot/share/interpreter/linkResolver.cpp, line 773]
Event: 1.178 Thread 0x0000029a63f56800 Exception <a 'java/lang/NoSuchMethodError'{0x00000000a6e01080}: 'void java.lang.invoke.DirectMethodHandle$Holder.invokeSpecial(java.lang.Object, java.lang.Object, java.lang.Object, java.lang.Object, java.lang.Object)'> (0x00000000a6e01080) thrown at [./src/hotspot/share/interpreter/linkResolver.cpp, line 773]
Event: 1.202 Thread 0x0000029a63f56800 Exception <a 'java/lang/NullPointerException'{0x00000000a6e82790}> (0x00000000a6e82790) thrown at [./src/hotspot/share/interpreter/linkResolver.cpp, line 1358]
Event: 1.202 Thread 0x0000029a63f56800 Exception <a 'java/lang/NullPointerException'{0x00000000a6e82790}> (0x00000000a6e82790) thrown at [./src/hotspot/share/prims/jvm.cpp, line 1310]
Event: 1.251 Thread 0x0000029a63f56800 Exception <a 'java/security/PrivilegedActionException'{0x00000000a6d51e70}> (0x00000000a6d51e70) thrown at [./src/hotspot/share/prims/jvm.cpp, line 1306]
Event: 1.251 Thread 0x0000029a63f56800 Exception <a 'java/security/PrivilegedActionException'{0x00000000a6d523e8}> (0x00000000a6d523e8) thrown at [./src/hotspot/share/prims/jvm.cpp, line 1306]
Event: 1.313 Thread 0x0000029a63f56800 Exception <a 'java/lang/NoSuchMethodError'{0x00000000a6cd35a0}: 'java.lang.Object java.lang.invoke.DirectMethodHandle$Holder.invokeStatic(java.lang.Object, java.lang.Object, java.lang.Object, java.lang.Object, java.lang.Object, java.lang.Object, java.lang.Object, java.lang.Object, java.lang.Object, java.lang.Object, java.lang.Object, java.lang.Object, java.lang.Object, java.lang.Object, java.lang.Object)'> (0x00000000a6cd35a0) thrown at [./src/hotspot/share/interpreter/linkResolver.cpp, line 773]
Event: 1.315 Thread 0x0000029a63f56800 Exception <a 'java/lang/NoSuchMethodError'{0x00000000a6ce1150}: 'java.lang.Object java.lang.invoke.DirectMethodHandle$Holder.invokeStatic(java.lang.Object, java.lang.Object, java.lang.Object, java.lang.Object, java.lang.Object, java.lang.Object, java.lang.Object, java.lang.Object, java.lang.Object, java.lang.Object, java.lang.Object, java.lang.Object, java.lang.Object, java.lang.Object, java.lang.Object, java.lang.Object)'> (0x00000000a6ce1150) thrown at [./src/hotspot/share/interpreter/linkResolver.cpp, l
Event: 1.316 Thread 0x0000029a63f56800 Exception <a 'java/lang/NoSuchMethodError'{0x00000000a6ceedc0}: 'java.lang.Object java.lang.invoke.DirectMethodHandle$Holder.invokeSpecial(java.lang.Object, java.lang.Object, int, int, java.lang.Object, java.lang.Object, java.lang.Object)'> (0x00000000a6ceedc0) thrown at [./src/hotspot/share/interpreter/linkResolver.cpp, line 773]
Event: 1.317 Thread 0x0000029a63f56800 Exception <a 'java/lang/NoSuchMethodError'{0x00000000a6cf2350}: 'java.lang.Object java.lang.invoke.DelegatingMethodHandle$Holder.reinvoke_L(java.lang.Object, int, int, java.lang.Object, java.lang.Object, java.lang.Object)'> (0x00000000a6cf2350) thrown at [./src/hotspot/share/interpreter/linkResolver.cpp, line 773]
Event: 1.317 Thread 0x0000029a63f56800 Exception <a 'java/lang/NoSuchMethodError'{0x00000000a6cf6350}: 'java.lang.Object java.lang.invoke.DirectMethodHandle$Holder.invokeStatic(java.lang.Object, java.lang.Object, java.lang.Object, java.lang.Object, int)'> (0x00000000a6cf6350) thrown at [./src/hotspot/share/interpreter/linkResolver.cpp, line 773]
Event: 1.422 Thread 0x0000029a63f56800 Exception <a 'java/lang/NoSuchMethodError'{0x00000000a68c84f0}: 'void java.lang.invoke.DirectMethodHandle$Holder.invokeStaticInit(java.lang.Object, java.lang.Object)'> (0x00000000a68c84f0) thrown at [./src/hotspot/share/interpreter/linkResolver.cpp, line 773]
Event: 1.593 Thread 0x0000029a63f56800 Implicit null exception at 0x0000029a54a8d015 to 0x0000029a54a8d458

Events (20 events):
Event: 1.736 loading class javafx/scene/Node$NodeTransformation$9
Event: 1.736 loading class javafx/scene/Node$NodeTransformation$9 done
Event: 1.737 loading class javafx/scene/Node$NodeTransformation$LocalToSceneTransformProperty
Event: 1.737 loading class javafx/scene/Node$NodeTransformation$LocalToSceneTransformProperty done
Event: 1.737 loading class javafx/scene/Node$NodeTransformation$7
Event: 1.737 loading class javafx/scene/Node$NodeTransformation$7 done
Event: 1.737 loading class javafx/scene/Node$NodeTransformation$2
Event: 1.737 loading class javafx/scene/Node$NodeTransformation$2 done
Event: 1.738 loading class javafx/scene/Node$NodeTransformation$3
Event: 1.738 loading class javafx/scene/Node$NodeTransformation$3 done
Event: 1.738 loading class javafx/scene/Node$NodeTransformation$6
Event: 1.738 loading class javafx/scene/Node$NodeTransformation$6 done
Event: 1.738 loading class javafx/scene/Node$NodeTransformation$4
Event: 1.738 loading class javafx/scene/Node$NodeTransformation$4 done
Event: 1.739 loading class javafx/scene/Node$NodeTransformation$5
Event: 1.739 loading class javafx/scene/Node$NodeTransformation$5 done
Event: 1.739 loading class javafx/scene/Node$NodeTransformation$8
Event: 1.739 loading class javafx/scene/Node$NodeTransformation$8 done
Event: 1.740 loading class com/sun/javafx/scene/transform/TransformUtils
Event: 1.740 loading class com/sun/javafx/scene/transform/TransformUtils done


Dynamic libraries:
0x00007ff624f40000 - 0x00007ff624f4d000 	C:\Program Files\Greenfoot\jdk\bin\javaw.exe
0x00007ffa9b140000 - 0x00007ffa9b349000 	C:\WINDOWS\SYSTEM32\ntdll.dll
0x00007ffa9a1a0000 - 0x00007ffa9a25e000 	C:\WINDOWS\System32\KERNEL32.DLL
0x00007ffa987a0000 - 0x00007ffa98b1c000 	C:\WINDOWS\System32\KERNELBASE.dll
0x00007ffa51740000 - 0x00007ffa51809000 	C:\Program Files\Bitdefender\Bitdefender Security\bdhkm\dlls_265982705501731869\bdhkm64.dll
0x00007ffa51540000 - 0x00007ffa51663000 	C:\Program Files\Bitdefender\Bitdefender Security\atcuf\dlls_265940375036966919\atcuf64.dll
0x00007ffa98cc0000 - 0x00007ffa98dd1000 	C:\WINDOWS\System32\ucrtbase.dll
0x00007ffa83430000 - 0x00007ffa83447000 	C:\Program Files\Greenfoot\jdk\bin\jli.dll
0x00007ffa99ff0000 - 0x00007ffa9a19d000 	C:\WINDOWS\System32\USER32.dll
0x00007ffa986d0000 - 0x00007ffa986f6000 	C:\WINDOWS\System32\win32u.dll
0x00007ffa98fd0000 - 0x00007ffa98ff9000 	C:\WINDOWS\System32\GDI32.dll
0x00007ffa98ba0000 - 0x00007ffa98cb8000 	C:\WINDOWS\System32\gdi32full.dll
0x00007ffa98700000 - 0x00007ffa9879d000 	C:\WINDOWS\System32\msvcp_win.dll
0x00007ffa76870000 - 0x00007ffa76885000 	C:\Program Files\Greenfoot\jdk\bin\VCRUNTIME140.dll
0x00007ffa7c190000 - 0x00007ffa7c435000 	C:\WINDOWS\WinSxS\amd64_microsoft.windows.common-controls_6595b64144ccf1df_6.0.22000.120_none_9d947278b86cc467\COMCTL32.dll
0x00007ffa9ac70000 - 0x00007ffa9ad13000 	C:\WINDOWS\System32\msvcrt.dll
0x00007ffa9aa20000 - 0x00007ffa9aa51000 	C:\WINDOWS\System32\IMM32.DLL
0x00007ffa555e0000 - 0x00007ffa5567b000 	C:\Program Files\Greenfoot\jdk\bin\msvcp140.dll
0x00007ff9ed610000 - 0x00007ff9ee191000 	C:\Program Files\Greenfoot\jdk\bin\server\jvm.dll
0x00007ffa9a860000 - 0x00007ffa9a90e000 	C:\WINDOWS\System32\ADVAPI32.dll
0x00007ffa9a980000 - 0x00007ffa9aa1e000 	C:\WINDOWS\System32\sechost.dll
0x00007ffa9a350000 - 0x00007ffa9a470000 	C:\WINDOWS\System32\RPCRT4.dll
0x00007ffa99940000 - 0x00007ffa99948000 	C:\WINDOWS\System32\PSAPI.DLL
0x00007ffa72a20000 - 0x00007ffa72a29000 	C:\WINDOWS\SYSTEM32\WSOCK32.dll
0x00007ffa9ab50000 - 0x00007ffa9abbf000 	C:\WINDOWS\System32\WS2_32.dll
0x00007ffa92460000 - 0x00007ffa92493000 	C:\WINDOWS\SYSTEM32\WINMM.dll
0x00007ffa8fca0000 - 0x00007ffa8fcaa000 	C:\WINDOWS\SYSTEM32\VERSION.dll
0x00007ffa97780000 - 0x00007ffa97798000 	C:\WINDOWS\SYSTEM32\kernel.appcore.dll
0x00007ffa948e0000 - 0x00007ffa948f0000 	C:\Program Files\Greenfoot\jdk\bin\verify.dll
0x00007ffa961c0000 - 0x00007ffa963e1000 	C:\WINDOWS\SYSTEM32\DBGHELP.DLL
0x00007ffa740d0000 - 0x00007ffa74101000 	C:\WINDOWS\SYSTEM32\dbgcore.DLL
0x00007ffa98b20000 - 0x00007ffa98b9f000 	C:\WINDOWS\System32\bcryptPrimitives.dll
0x00007ffa65ee0000 - 0x00007ffa65f08000 	C:\Program Files\Greenfoot\jdk\bin\java.dll
0x00007ffa77080000 - 0x00007ffa7708a000 	C:\Program Files\Greenfoot\jdk\bin\jimage.dll
0x00007ffa644e0000 - 0x00007ffa644f8000 	C:\Program Files\Greenfoot\jdk\bin\zip.dll
0x00007ffa99170000 - 0x00007ffa99935000 	C:\WINDOWS\System32\SHELL32.dll
0x00007ffa96700000 - 0x00007ffa96f65000 	C:\WINDOWS\SYSTEM32\windows.storage.dll
0x00007ffa9a4e0000 - 0x00007ffa9a856000 	C:\WINDOWS\System32\combase.dll
0x00007ffa96590000 - 0x00007ffa966f6000 	C:\WINDOWS\SYSTEM32\wintypes.dll
0x00007ffa9a260000 - 0x00007ffa9a34a000 	C:\WINDOWS\System32\SHCORE.dll
0x00007ffa9aa60000 - 0x00007ffa9aabd000 	C:\WINDOWS\System32\shlwapi.dll
0x00007ffa98540000 - 0x00007ffa98561000 	C:\WINDOWS\SYSTEM32\profapi.dll
0x00007ffa5cb20000 - 0x00007ffa5cb39000 	C:\Program Files\Greenfoot\jdk\bin\net.dll
0x00007ffa92500000 - 0x00007ffa92612000 	C:\WINDOWS\SYSTEM32\WINHTTP.dll
0x00007ffa97c20000 - 0x00007ffa97c87000 	C:\WINDOWS\system32\mswsock.dll
0x00007ffa5cab0000 - 0x00007ffa5cac3000 	C:\Program Files\Greenfoot\jdk\bin\nio.dll
0x0000029a42d10000 - 0x0000029a42d13000 	C:\Program Files\Greenfoot\lib\javafx\bin\api-ms-win-core-console-l1-1-0.dll
0x0000029a42d20000 - 0x0000029a42d23000 	C:\Program Files\Greenfoot\lib\javafx\bin\api-ms-win-core-console-l1-2-0.dll
0x0000029a42d30000 - 0x0000029a42d33000 	C:\Program Files\Greenfoot\lib\javafx\bin\api-ms-win-core-datetime-l1-1-0.dll
0x0000029a42d50000 - 0x0000029a42d53000 	C:\Program Files\Greenfoot\lib\javafx\bin\api-ms-win-core-debug-l1-1-0.dll
0x0000029a64200000 - 0x0000029a64203000 	C:\Program Files\Greenfoot\lib\javafx\bin\api-ms-win-core-errorhandling-l1-1-0.dll
0x0000029a64210000 - 0x0000029a64214000 	C:\Program Files\Greenfoot\lib\javafx\bin\api-ms-win-core-file-l1-1-0.dll
0x0000029a64220000 - 0x0000029a64223000 	C:\Program Files\Greenfoot\lib\javafx\bin\api-ms-win-core-file-l1-2-0.dll
0x0000029a64230000 - 0x0000029a64233000 	C:\Program Files\Greenfoot\lib\javafx\bin\api-ms-win-core-file-l2-1-0.dll
0x0000029a64240000 - 0x0000029a64243000 	C:\Program Files\Greenfoot\lib\javafx\bin\api-ms-win-core-handle-l1-1-0.dll
0x0000029a64250000 - 0x0000029a64253000 	C:\Program Files\Greenfoot\lib\javafx\bin\api-ms-win-core-heap-l1-1-0.dll
0x0000029a64260000 - 0x0000029a64263000 	C:\Program Files\Greenfoot\lib\javafx\bin\api-ms-win-core-interlocked-l1-1-0.dll
0x0000029a64270000 - 0x0000029a64273000 	C:\Program Files\Greenfoot\lib\javafx\bin\api-ms-win-core-libraryloader-l1-1-0.dll
0x0000029a64280000 - 0x0000029a64283000 	C:\Program Files\Greenfoot\lib\javafx\bin\api-ms-win-core-localization-l1-2-0.dll
0x0000029a64290000 - 0x0000029a64293000 	C:\Program Files\Greenfoot\lib\javafx\bin\api-ms-win-core-memory-l1-1-0.dll
0x0000029a642a0000 - 0x0000029a642a3000 	C:\Program Files\Greenfoot\lib\javafx\bin\api-ms-win-core-namedpipe-l1-1-0.dll
0x0000029a642b0000 - 0x0000029a642b3000 	C:\Program Files\Greenfoot\lib\javafx\bin\api-ms-win-core-processenvironment-l1-1-0.dll
0x0000029a642c0000 - 0x0000029a642c3000 	C:\Program Files\Greenfoot\lib\javafx\bin\api-ms-win-core-processthreads-l1-1-0.dll
0x0000029a642d0000 - 0x0000029a642d3000 	C:\Program Files\Greenfoot\lib\javafx\bin\api-ms-win-core-processthreads-l1-1-1.dll
0x0000029a642e0000 - 0x0000029a642e3000 	C:\Program Files\Greenfoot\lib\javafx\bin\api-ms-win-core-profile-l1-1-0.dll
0x0000029a642f0000 - 0x0000029a642f3000 	C:\Program Files\Greenfoot\lib\javafx\bin\api-ms-win-core-rtlsupport-l1-1-0.dll
0x0000029a64300000 - 0x0000029a64303000 	C:\Program Files\Greenfoot\lib\javafx\bin\api-ms-win-core-string-l1-1-0.dll
0x0000029a64310000 - 0x0000029a64313000 	C:\Program Files\Greenfoot\lib\javafx\bin\api-ms-win-core-synch-l1-1-0.dll
0x0000029a64320000 - 0x0000029a64323000 	C:\Program Files\Greenfoot\lib\javafx\bin\api-ms-win-core-synch-l1-2-0.dll
0x0000029a64330000 - 0x0000029a64333000 	C:\Program Files\Greenfoot\lib\javafx\bin\api-ms-win-core-sysinfo-l1-1-0.dll
0x0000029a64340000 - 0x0000029a64343000 	C:\Program Files\Greenfoot\lib\javafx\bin\api-ms-win-core-timezone-l1-1-0.dll
0x0000029a64350000 - 0x0000029a64353000 	C:\Program Files\Greenfoot\lib\javafx\bin\api-ms-win-core-util-l1-1-0.dll
0x0000029a64360000 - 0x0000029a64363000 	C:\Program Files\Greenfoot\lib\javafx\bin\api-ms-win-crt-conio-l1-1-0.dll
0x0000029a64370000 - 0x0000029a64374000 	C:\Program Files\Greenfoot\lib\javafx\bin\api-ms-win-crt-convert-l1-1-0.dll
0x0000029a64380000 - 0x0000029a64383000 	C:\Program Files\Greenfoot\lib\javafx\bin\api-ms-win-crt-environment-l1-1-0.dll
0x0000029a64390000 - 0x0000029a64393000 	C:\Program Files\Greenfoot\lib\javafx\bin\api-ms-win-crt-filesystem-l1-1-0.dll
0x0000029a643a0000 - 0x0000029a643a3000 	C:\Program Files\Greenfoot\lib\javafx\bin\api-ms-win-crt-heap-l1-1-0.dll
0x0000029a643b0000 - 0x0000029a643b3000 	C:\Program Files\Greenfoot\lib\javafx\bin\api-ms-win-crt-locale-l1-1-0.dll
0x0000029a643c0000 - 0x0000029a643c5000 	C:\Program Files\Greenfoot\lib\javafx\bin\api-ms-win-crt-math-l1-1-0.dll
0x0000029a643d0000 - 0x0000029a643d5000 	C:\Program Files\Greenfoot\lib\javafx\bin\api-ms-win-crt-multibyte-l1-1-0.dll
0x0000029a643e0000 - 0x0000029a643f0000 	C:\Program Files\Greenfoot\lib\javafx\bin\api-ms-win-crt-private-l1-1-0.dll
0x0000029a643f0000 - 0x0000029a643f3000 	C:\Program Files\Greenfoot\lib\javafx\bin\api-ms-win-crt-process-l1-1-0.dll
0x0000029a64400000 - 0x0000029a64404000 	C:\Program Files\Greenfoot\lib\javafx\bin\api-ms-win-crt-runtime-l1-1-0.dll
0x0000029a64410000 - 0x0000029a64414000 	C:\Program Files\Greenfoot\lib\javafx\bin\api-ms-win-crt-stdio-l1-1-0.dll
0x0000029a64420000 - 0x0000029a64424000 	C:\Program Files\Greenfoot\lib\javafx\bin\api-ms-win-crt-string-l1-1-0.dll
0x0000029a64430000 - 0x0000029a64433000 	C:\Program Files\Greenfoot\lib\javafx\bin\api-ms-win-crt-time-l1-1-0.dll
0x0000029a64440000 - 0x0000029a64443000 	C:\Program Files\Greenfoot\lib\javafx\bin\api-ms-win-crt-utility-l1-1-0.dll
0x00007ffa33780000 - 0x00007ffa3387c000 	C:\Program Files\Greenfoot\lib\javafx\bin\ucrtbase.dll
0x00007ffa5ca60000 - 0x00007ffa5ca75000 	C:\Program Files\Greenfoot\lib\javafx\bin\vcruntime140.dll
0x00007ffa72450000 - 0x00007ffa7245c000 	C:\Windows\System32\vcruntime140_1.dll
0x00007ffa4e9b0000 - 0x00007ffa4ea4b000 	C:\Program Files\Greenfoot\lib\javafx\bin\msvcp140.dll
0x00007ffa5bb30000 - 0x00007ffa5bb53000 	C:\Program Files\Greenfoot\lib\javafx\bin\prism_d3d.dll
0x00007ffa800b0000 - 0x00007ffa80256000 	C:\WINDOWS\system32\d3d9.dll
0x00007ffa95d80000 - 0x00007ffa95daf000 	C:\WINDOWS\SYSTEM32\dwmapi.dll
0x00007ffa95b00000 - 0x00007ffa95b38000 	C:\WINDOWS\SYSTEM32\dxcore.dll
0x00007ffa959f0000 - 0x00007ffa95a9c000 	C:\WINDOWS\system32\uxtheme.dll
0x00007ffa8ed60000 - 0x00007ffa8ee1e000 	C:\WINDOWS\System32\DriverStore\FileRepository\nvhm.inf_amd64_178c927f3d4607c8\nvldumdx.dll
0x00007ffa97ec0000 - 0x00007ffa97ed2000 	C:\WINDOWS\SYSTEM32\msasn1.dll
0x00007ffa8fea0000 - 0x00007ffa8fed1000 	C:\WINDOWS\SYSTEM32\cryptnet.dll
0x00007ffa98de0000 - 0x00007ffa98f42000 	C:\WINDOWS\System32\CRYPT32.dll
0x00007ffa8eb00000 - 0x00007ffa8ec49000 	C:\WINDOWS\SYSTEM32\drvstore.dll
0x00007ffa982e0000 - 0x00007ffa9830c000 	C:\WINDOWS\SYSTEM32\devobj.dll
0x00007ffa98310000 - 0x00007ffa9835c000 	C:\WINDOWS\SYSTEM32\cfgmgr32.dll
0x00007ffa97f30000 - 0x00007ffa97f71000 	C:\WINDOWS\SYSTEM32\wldp.dll
0x00007ffa97e80000 - 0x00007ffa97e8c000 	C:\WINDOWS\SYSTEM32\cryptbase.dll
0x00007ffa98f50000 - 0x00007ffa98fb8000 	C:\WINDOWS\System32\WINTRUST.DLL
0x00007ffa99120000 - 0x00007ffa9913f000 	C:\WINDOWS\System32\imagehlp.dll
0x00007ffa97e60000 - 0x00007ffa97e78000 	C:\WINDOWS\SYSTEM32\CRYPTSP.dll
0x00007ffa976e0000 - 0x00007ffa97715000 	C:\WINDOWS\system32\rsaenh.dll
0x00007ffa97ff0000 - 0x00007ffa98017000 	C:\WINDOWS\SYSTEM32\bcrypt.dll
0x00007ffa07af0000 - 0x00007ffa0a0f6000 	C:\WINDOWS\System32\DriverStore\FileRepository\nvhm.inf_amd64_178c927f3d4607c8\nvd3dumx.dll
0x00007ffa92680000 - 0x00007ffa926c4000 	C:\WINDOWS\SYSTEM32\directxdatabasehelper.dll
0x00007ffa977a0000 - 0x00007ffa977d4000 	C:\WINDOWS\SYSTEM32\ntmarta.dll
0x00007ffa55950000 - 0x00007ffa55995000 	C:\Program Files\Greenfoot\lib\javafx\bin\glass.dll
0x00007ffa99f00000 - 0x00007ffa99fec000 	C:\WINDOWS\System32\COMDLG32.dll
0x00007ffa9af60000 - 0x00007ffa9b0fa000 	C:\WINDOWS\System32\ole32.dll
0x00007ffa99e20000 - 0x00007ffa99ef6000 	C:\WINDOWS\System32\OLEAUT32.dll
0x00007ffa99000000 - 0x00007ffa9911d000 	C:\WINDOWS\System32\MSCTF.dll
0x00007ffa4ef40000 - 0x00007ffa4f203000 	C:\WINDOWS\system32\nvspcap64.dll
0x00007ffa97cb0000 - 0x00007ffa97cd4000 	C:\WINDOWS\SYSTEM32\gpapi.dll
0x00007ffa5b4a0000 - 0x00007ffa5b4b4000 	C:\Program Files\Greenfoot\lib\javafx\bin\javafx_font.dll
0x00007ffa62bb0000 - 0x00007ffa62e0f000 	C:\WINDOWS\SYSTEM32\dwrite.dll
0x00007ffa9abc0000 - 0x00007ffa9ac6f000 	C:\WINDOWS\System32\clbcatq.dll
0x00007ffa90040000 - 0x00007ffa901ee000 	C:\WINDOWS\SYSTEM32\WindowsCodecs.dll
0x00007ffa67bd0000 - 0x00007ffa67c2d000 	C:\WINDOWS\system32\dataexchange.dll
0x00007ffa929d0000 - 0x00007ffa92c36000 	C:\WINDOWS\system32\twinapi.appcore.dll
0x00007ffa560f0000 - 0x00007ffa56122000 	C:\Program Files\Common Files\Microsoft Shared\Ink\rtscom.dll
0x00007ffa78840000 - 0x00007ffa7896d000 	C:\WINDOWS\SYSTEM32\textinputframework.dll

dbghelp: loaded successfully - version: 4.0.5 - missing functions: none
symbol engine: initialized successfully - sym options: 0x614 - pdb path: .;C:\Program Files\Greenfoot\jdk\bin;C:\WINDOWS\SYSTEM32;C:\Program Files\Bitdefender\Bitdefender Security\bdhkm\dlls_265982705501731869;C:\Program Files\Bitdefender\Bitdefender Security\atcuf\dlls_265940375036966919;C:\WINDOWS\WinSxS\amd64_microsoft.windows.common-controls_6595b64144ccf1df_6.0.22000.120_none_9d947278b86cc467;C:\Program Files\Greenfoot\jdk\bin\server;C:\Program Files\Greenfoot\lib\javafx\bin;C:\WINDOWS\System32\DriverStore\FileRepository\nvhm.inf_amd64_178c927f3d4607c8;C:\Program Files\Common Files\Microsoft Shared\Ink

VM Arguments:
jvm_args: -Dhttps.protocols=TLSv1,TLSv1.1,TLSv1.2 
java_command: bluej.Boot C:\Kavya\IntroJava\CreatureAITester (2)\project.greenfoot -greenfoot=true -bluej.compiler.showunchecked=false
java_class_path (initial): C:\Program Files\Greenfoot\lib\bluej.jar;C:\Program Files\Greenfoot\lib\javafx\lib\javafx.base.jar;C:\Program Files\Greenfoot\lib\javafx\lib\javafx.controls.jar;C:\Program Files\Greenfoot\lib\javafx\lib\javafx.fxml.jar;C:\Program Files\Greenfoot\lib\javafx\lib\javafx.graphics.jar;C:\Program Files\Greenfoot\lib\javafx\lib\javafx.media.jar;C:\Program Files\Greenfoot\lib\javafx\lib\javafx.properties.jar;C:\Program Files\Greenfoot\lib\javafx\lib\javafx.swing.jar;C:\Program Files\Greenfoot\lib\javafx\lib\javafx.web.jar
Launcher Type: SUN_STANDARD

[Global flags]
     intx CICompilerCount                          = 4                                         {product} {ergonomic}
     uint ConcGCThreads                            = 2                                         {product} {ergonomic}
     uint G1ConcRefinementThreads                  = 8                                         {product} {ergonomic}
   size_t G1HeapRegionSize                         = 1048576                                   {product} {ergonomic}
    uintx GCDrainStackTargetSize                   = 64                                        {product} {ergonomic}
   size_t InitialHeapSize                          = 100663296                                 {product} {ergonomic}
   size_t MarkStackSize                            = 4194304                                   {product} {ergonomic}
   size_t MaxHeapSize                              = 1579155456                                {product} {ergonomic}
   size_t MaxNewSize                               = 946864128                                 {product} {ergonomic}
   size_t MinHeapDeltaBytes                        = 1048576                                   {product} {ergonomic}
    uintx NonNMethodCodeHeapSize                   = 5836300                                {pd product} {ergonomic}
    uintx NonProfiledCodeHeapSize                  = 122910970                              {pd product} {ergonomic}
    uintx ProfiledCodeHeapSize                     = 122910970                              {pd product} {ergonomic}
    uintx ReservedCodeCacheSize                    = 251658240                              {pd product} {ergonomic}
     bool SegmentedCodeCache                       = true                                      {product} {ergonomic}
     bool UseCompressedClassPointers               = true                                 {lp64_product} {ergonomic}
     bool UseCompressedOops                        = true                                 {lp64_product} {ergonomic}
     bool UseG1GC                                  = true                                      {product} {ergonomic}
     bool UseLargePagesIndividualAllocation        = false                                  {pd product} {ergonomic}

Logging:
Log output configuration:
 #0: stdout all=warning uptime,level,tags
 #1: stderr all=off uptime,level,tags

Environment Variables:
PATH=C:\Program Files\NVIDIA GPU Computing Toolkit\CUDA\v11.5\bin;C:\Program Files\NVIDIA GPU Computing Toolkit\CUDA\v11.5\libnvvp;C:\Program Files\Java\jdk-14.0.1\bin;C:\Program Files (x86)\Common Files\Oracle\Java\javapath;C:\ProgramData\Oracle\Java\javapath;C:\windows\system32;C:\windows;C:\windows\System32\Wbem;C:\windows\System32\WindowsPowerShell\v1.0\;C:\windows\System32\OpenSSH\;C:\Program Files (x86)\NVIDIA Corporation\PhysX\Common;C:\Program Files\NVIDIA Corporation\NVIDIA NvDLISR;C:\WINDOWS\system32;C:\WINDOWS;C:\WINDOWS\System32\Wbem;C:\WINDOWS\System32\WindowsPowerShell\v1.0\;C:\WINDOWS\System32\OpenSSH\;C:\Program Files\Microsoft SQL Server\130\Tools\Binn\;%SystemRoot%\system32;%SystemRoot%;%SystemRoot%\System32\Wbem;%SYSTEMROOT%\System32\WindowsPowerShell\v1.0\;%SYSTEMROOT%\System32\OpenSSH\;C:\Users\imkav\AppData\Local\Microsoft\WindowsApps;C:\Users\imkav\AppData\Local\Programs\Microsoft VS Code\bin;C:\Users\imkav\AppData\Local\GitHubDesktop\bin;C:\Users\imkav\AppData\Local\Programs\Git\cmd
USERNAME=imkav
OS=Windows_NT
PROCESSOR_IDENTIFIER=AMD64 Family 23 Model 24 Stepping 1, AuthenticAMD



---------------  S Y S T E M  ---------------

OS: Windows 11 , 64 bit Build 22000 (10.0.22000.1516)
OS uptime: 6 days 19:34 hours

CPU:total 8 (initial active 8) (8 cores per cpu, 2 threads per core) family 23 model 24 stepping 1 microcode 0x0, cmov, cx8, fxsr, mmx, sse, sse2, sse3, ssse3, sse4.1, sse4.2, popcnt, avx, avx2, aes, clmul, mmxext, 3dnowpref, lzcnt, sse4a, ht, tsc, tscinvbit, tscinv, bmi1, bmi2, adx, sha, fma

Memory: 4k page, system-wide physical 6021M (87M free)
TotalPageFile size 24453M (AvailPageFile size 0M)
current process WorkingSet (physical memory assigned to process): 129M, peak: 129M
current process commit charge ("private bytes"): 245M, peak: 245M

vm_info: OpenJDK 64-Bit Server VM (11.0.14.1+1) for windows-amd64 JRE (11.0.14.1+1), built on Feb  9 2022 01:48:27 by "" with unknown MS VC++:1916

END.
